<?xml version="1.0" encoding="UTF-8" ?>
<testsuite tests="18" failures="2" name="step_definitions.RunCukesTest" time="0.036" errors="0" skipped="2">
  <properties>
[...]
</properties>
  <testcase classname="Scenario: User purchases 2 items until the product order is successful" name="Given User open the website sauce demo" time="0.004"/>
  <testcase classname="Scenario: User purchases 2 items until the product order is successful" name="When User input &quot;standard_user&quot; as userName and input &quot;secret_sauce&quot; as password" time="0"/>
  <testcase classname="Scenario: User purchases 2 items until the product order is successful" name="Then User already on PRODUCTS page" time="0"/>
  <testcase classname="Scenario: User purchases 2 items until the product order is successful" name="And User sort product list by name Z to A" time="0.001"/>
  <testcase classname="Scenario: User purchases 2 items until the product order is successful" name="And User click Item1" time="0"/>
  <testcase classname="Scenario: User purchases 2 items until the product order is successful" name="And User click Item2" time="0"/>
  <testcase classname="Scenario: User purchases 2 items until the product order is successful" name="And User click Cart button" time="0"/>
  <testcase classname="Scenario: User purchases 2 items until the product order is successful" name="Then User verify all item name in Cart page" time="0"/>
  <testcase classname="Scenario: User purchases 2 items until the product order is successful" name="And Remove Test.allTheThings() T-Shirt (Red) from product list" time="0"/>
  <testcase classname="Scenario: User purchases 2 items until the product order is successful" name="And User click checkout button" time="0"/>
  <testcase classname="Scenario: User purchases 2 items until the product order is successful" name="Given User already on CHECKOUT: YOUR INFORMATION" time="0.001"/>
  <testcase classname="Scenario: User purchases 2 items until the product order is successful" name="When User input &quot;diah&quot; as First Name, &quot;R&quot; as Last Name, and &quot;1188&quot; as Zip/Postal Code" time="0"/>
  <testcase classname="Scenario: User purchases 2 items until the product order is successful" name="And User click Continue Button" time="0"/>
  <testcase classname="Scenario: User purchases 2 items until the product order is successful" name="Then User already on CHECKOUT: OVERVIEW page" time="0"/>
  <testcase classname="Scenario: User purchases 2 items until the product order is successful" name="And User find Item total: &quot;$7.99&quot;, Tax: &quot;$0.64&quot;, and Total: &quot;$8.63&quot;" time="0.007">
    <failure message="expected:&lt;[]$7.99&gt; but was:&lt;[Item total: ]$7.99&gt;" type="org.junit.ComparisonFailure">org.junit.ComparisonFailure: expected:&lt;[]$7.99&gt; but was:&lt;[Item total: ]$7.99&gt;
	at org.junit.Assert.assertEquals(Assert.java:115)
	at org.junit.Assert.assertEquals(Assert.java:144)
	at step_definitions.PurchaseSteps.getTotalItem(PurchaseSteps.java:119)
	at ✽.And User find Item total: &quot;$7.99&quot;, Tax: &quot;$0.64&quot;, and Total: &quot;$8.63&quot;(features/CheckOut.feature:20)
</failure>
  </testcase>
  <testcase classname="Scenario: User purchases 2 items until the product order is successful" name="Scenario: User purchases 2 items until the product order is successful" time="0.007">
    <failure message="expected:&lt;[]$7.99&gt; but was:&lt;[Item total: ]$7.99&gt;" type="org.junit.ComparisonFailure">org.junit.ComparisonFailure: expected:&lt;[]$7.99&gt; but was:&lt;[Item total: ]$7.99&gt;
	at org.junit.Assert.assertEquals(Assert.java:115)
	at org.junit.Assert.assertEquals(Assert.java:144)
	at step_definitions.PurchaseSteps.getTotalItem(PurchaseSteps.java:119)
	at ✽.And User find Item total: &quot;$7.99&quot;, Tax: &quot;$0.64&quot;, and Total: &quot;$8.63&quot;(features/CheckOut.feature:20)
</failure>
  </testcase>
  <testcase classname="Scenario: User purchases 2 items until the product order is successful" name="And User click Finish" time="0.008">
    <skipped/>
  </testcase>
  <testcase classname="Scenario: User purchases 2 items until the product order is successful" name="Then User find text THANK YOU FOR YOUR ORDER after complete checkout process" time="0.008">
    <skipped/>
  </testcase>
</testsuite>